#
# There is insufficient memory for the Java Runtime Environment to continue.
# Native memory allocation (malloc) failed to allocate 2321376 bytes for Chunk::new
# Possible reasons:
#   The system is out of physical RAM or swap space
#   The process is running with CompressedOops enabled, and the Java Heap may be blocking the growth of the native heap
# Possible solutions:
#   Reduce memory load on the system
#   Increase physical memory or swap space
#   Check if swap backing store is full
#   Decrease Java heap size (-Xmx/-Xms)
#   Decrease number of Java threads
#   Decrease Java thread stack sizes (-Xss)
#   Set larger code cache with -XX:ReservedCodeCacheSize=
#   JVM is running with Unscaled Compressed Oops mode in which the Java heap is
#     placed in the first 4GB address space. The Java Heap base address is the
#     maximum limit for the native heap growth. Please use -XX:HeapBaseMinAddress
#     to set the Java Heap base and to place the Java Heap above 4GB virtual address.
# This output file may be truncated or incomplete.
#
#  Out of Memory Error (./src/hotspot/share/memory/arena.cpp:197), pid=384, tid=7760
#
# JRE version: OpenJDK Runtime Environment (11.0.13) (build 11.0.13+0-b1751.21-8125866)
# Java VM: OpenJDK 64-Bit Server VM (11.0.13+0-b1751.21-8125866, mixed mode, tiered, compressed oops, g1 gc, windows-amd64)
# No core dump will be written. Minidumps are not enabled by default on client versions of Windows
#

---------------  S U M M A R Y ------------

Command Line: --add-opens=java.base/java.util=ALL-UNNAMED --add-opens=java.base/java.lang=ALL-UNNAMED --add-opens=java.base/java.lang.invoke=ALL-UNNAMED --add-opens=java.base/java.util=ALL-UNNAMED --add-opens=java.prefs/java.util.prefs=ALL-UNNAMED --add-opens=java.prefs/java.util.prefs=ALL-UNNAMED --add-opens=java.base/java.nio.charset=ALL-UNNAMED --add-opens=java.base/java.net=ALL-UNNAMED --add-opens=java.base/java.util.concurrent.atomic=ALL-UNNAMED -Xmx2048m -Dfile.encoding=UTF-8 -Duser.country=US -Duser.language=en -Duser.variant org.gradle.launcher.daemon.bootstrap.GradleDaemon 7.4

Host: Intel(R) Core(TM) i3-8145U CPU @ 2.10GHz, 4 cores, 7G,  Windows 10 , 64 bit Build 19041 (10.0.19041.1889)
Time: Tue Oct 18 16:32:17 2022 Sri Lanka Standard Time elapsed time: 12.622204 seconds (0d 0h 0m 12s)

---------------  T H R E A D  ---------------

Current thread (0x0000014661c23000):  JavaThread "C2 CompilerThread1" daemon [_thread_in_native, id=7760, stack(0x000000431ca00000,0x000000431cb00000)]


Current CompileTask:
C2:  12622 6276       4       groovyjarjarantlr4.v4.runtime.atn.PredictionContext::getCachedContext (297 bytes)

Stack: [0x000000431ca00000,0x000000431cb00000]
Native frames: (J=compiled Java code, j=interpreted, Vv=VM code, C=native code)
V  [jvm.dll+0x6100fa]
V  [jvm.dll+0x747090]
V  [jvm.dll+0x7486ad]
V  [jvm.dll+0x748d83]
V  [jvm.dll+0x24ab48]
V  [jvm.dll+0xc04dc]
V  [jvm.dll+0xc0a0c]
V  [jvm.dll+0x2bfab4]
V  [jvm.dll+0x524238]
V  [jvm.dll+0x20b193]
V  [jvm.dll+0x204ca0]
V  [jvm.dll+0x2023c2]
V  [jvm.dll+0x188e01]
V  [jvm.dll+0x21106b]
V  [jvm.dll+0x20f8c1]
V  [jvm.dll+0x70de0f]
V  [jvm.dll+0x706a75]
V  [jvm.dll+0x60ed66]
C  [ucrtbase.dll+0x21bb2]
C  [KERNEL32.DLL+0x17034]
C  [ntdll.dll+0x526a1]


---------------  P R O C E S S  ---------------

Threads class SMR info:
_java_thread_list=0x00000146641cb0c0, length=78, elements={
0x00000146416ba000, 0x000001465ba6e000, 0x000001465ba6f000, 0x000001465ba88000,
0x000001465ba8b800, 0x000001465ba8d000, 0x000001465ba99000, 0x000001465ba9a800,
0x000001465ba9c800, 0x000001465c564000, 0x000001465eb91800, 0x000001465d38e800,
0x000001465e4a4800, 0x000001465e573800, 0x000001465df50000, 0x000001465dcac000,
0x000001465dee7000, 0x000001465e42a800, 0x000001465e48c800, 0x000001465dc6c000,
0x000001465dc60000, 0x000001465dc61000, 0x000001465dc61800, 0x000001465dc5d800,
0x000001465dc5e800, 0x000001465dc5f800, 0x000001465dc62800, 0x000001465dc5d000,
0x000001465dc63800, 0x000001465c9cd000, 0x000001465c9cd800, 0x000001465c9ca800,
0x000001465c9ce800, 0x000001465c9cc000, 0x000001465c9c9800, 0x000001465c9d5000,
0x000001465c9d4000, 0x0000014661c23000, 0x000001465c9d6000, 0x000001465c9d6800,
0x000001465c9d1000, 0x000001465c9d2000, 0x000001465c9d7800, 0x000001465e68e000,
0x000001465e690800, 0x000001465e692800, 0x000001465e690000, 0x000001465e691800,
0x000001465e693000, 0x000001465e68f000, 0x000001465e68d800, 0x000001465e699000,
0x000001465e695800, 0x000001465e696800, 0x000001465e699800, 0x000001465e694000,
0x000001465e697000, 0x000001465e698000, 0x000001465e69a800, 0x000001465e695000,
0x000001465e69b800, 0x000001465e69c000, 0x000001465c9b6800, 0x000001465c9b5000,
0x000001465c9b1000, 0x000001465c9b7800, 0x000001465c9b5800, 0x000001465c9b1800,
0x000001465c9b8000, 0x000001465c9b2800, 0x000001465c9b9000, 0x000001465c9b3000,
0x000001465c9ba000, 0x000001465c9b4000, 0x000001465c9bb800, 0x000001465c9bc000,
0x000001465c9ba800, 0x000001465c9bf800
}

Java Threads: ( => current thread )
  0x00000146416ba000 JavaThread "main" [_thread_blocked, id=10500, stack(0x000000431a700000,0x000000431a800000)]
  0x000001465ba6e000 JavaThread "Reference Handler" daemon [_thread_blocked, id=7432, stack(0x000000431ae00000,0x000000431af00000)]
  0x000001465ba6f000 JavaThread "Finalizer" daemon [_thread_blocked, id=8528, stack(0x000000431af00000,0x000000431b000000)]
  0x000001465ba88000 JavaThread "Signal Dispatcher" daemon [_thread_blocked, id=2768, stack(0x000000431b000000,0x000000431b100000)]
  0x000001465ba8b800 JavaThread "Attach Listener" daemon [_thread_blocked, id=8572, stack(0x000000431b100000,0x000000431b200000)]
  0x000001465ba8d000 JavaThread "Service Thread" daemon [_thread_blocked, id=628, stack(0x000000431b200000,0x000000431b300000)]
  0x000001465ba99000 JavaThread "C2 CompilerThread0" daemon [_thread_blocked, id=9980, stack(0x000000431b300000,0x000000431b400000)]
  0x000001465ba9a800 JavaThread "C1 CompilerThread0" daemon [_thread_blocked, id=5284, stack(0x000000431b400000,0x000000431b500000)]
  0x000001465ba9c800 JavaThread "Sweeper thread" daemon [_thread_blocked, id=3852, stack(0x000000431b500000,0x000000431b600000)]
  0x000001465c564000 JavaThread "Common-Cleaner" daemon [_thread_blocked, id=1328, stack(0x000000431b600000,0x000000431b700000)]
  0x000001465eb91800 JavaThread "Daemon health stats" [_thread_blocked, id=2100, stack(0x000000431bb00000,0x000000431bc00000)]
  0x000001465d38e800 JavaThread "Incoming local TCP Connector on port 56498" [_thread_in_native, id=5548, stack(0x000000431b800000,0x000000431b900000)]
  0x000001465e4a4800 JavaThread "Daemon periodic checks" [_thread_blocked, id=892, stack(0x000000431bd00000,0x000000431be00000)]
  0x000001465e573800 JavaThread "Daemon" [_thread_blocked, id=6136, stack(0x000000431be00000,0x000000431bf00000)]
  0x000001465df50000 JavaThread "Handler for socket connection from /127.0.0.1:56498 to /127.0.0.1:56499" [_thread_in_native, id=8724, stack(0x000000431bf00000,0x000000431c000000)]
  0x000001465dcac000 JavaThread "Cancel handler" [_thread_blocked, id=10780, stack(0x000000431c000000,0x000000431c100000)]
  0x000001465dee7000 JavaThread "Daemon worker" [_thread_in_native, id=9128, stack(0x000000431c100000,0x000000431c200000)]
  0x000001465e42a800 JavaThread "Asynchronous log dispatcher for DefaultDaemonConnection: socket connection from /127.0.0.1:56498 to /127.0.0.1:56499" [_thread_blocked, id=6784, stack(0x000000431c200000,0x000000431c300000)]
  0x000001465e48c800 JavaThread "Stdin handler" [_thread_blocked, id=6052, stack(0x000000431c300000,0x000000431c400000)]
  0x000001465dc6c000 JavaThread "Daemon client event forwarder" [_thread_blocked, id=540, stack(0x000000431c400000,0x000000431c500000)]
  0x000001465dc60000 JavaThread "Cache worker for journal cache (C:\Users\sajee\AndroidStudioProjects\ud843-QuakeReport-starting-point\caches\journal-1)" [_thread_blocked, id=10980, stack(0x000000431c500000,0x000000431c600000)]
  0x000001465dc61000 JavaThread "File lock request listener" [_thread_in_native, id=7208, stack(0x000000431c600000,0x000000431c700000)]
  0x000001465dc61800 JavaThread "Cache worker for file hash cache (C:\Users\sajee\AndroidStudioProjects\ud843-QuakeReport-starting-point\caches\7.4\fileHashes)" [_thread_blocked, id=1632, stack(0x000000431c700000,0x000000431c800000)]
  0x000001465dc5d800 JavaThread "File watcher server" daemon [_thread_in_native, id=9904, stack(0x000000431c800000,0x000000431c900000)]
  0x000001465dc5e800 JavaThread "File watcher consumer" daemon [_thread_blocked, id=6668, stack(0x000000431c900000,0x000000431ca00000)]
  0x000001465dc5f800 JavaThread "jar transforms" [_thread_blocked, id=6912, stack(0x000000431cb00000,0x000000431cc00000)]
  0x000001465dc62800 JavaThread "jar transforms Thread 2" [_thread_blocked, id=10600, stack(0x000000431cc00000,0x000000431cd00000)]
  0x000001465dc5d000 JavaThread "jar transforms Thread 3" [_thread_blocked, id=10492, stack(0x000000431cd00000,0x000000431ce00000)]
  0x000001465dc63800 JavaThread "jar transforms Thread 4" [_thread_blocked, id=9884, stack(0x000000431ce00000,0x000000431cf00000)]
  0x000001465c9cd000 JavaThread "Cache worker for checksums cache (C:\Users\sajee\AndroidStudioProjects\Listview_and_Gridview\.gradle\7.4\checksums)" [_thread_blocked, id=2384, stack(0x000000431cf00000,0x000000431d000000)]
  0x000001465c9cd800 JavaThread "Cache worker for cache directory md-rule (C:\Users\sajee\AndroidStudioProjects\ud843-QuakeReport-starting-point\caches\7.4\md-rule)" [_thread_blocked, id=5604, stack(0x000000431d000000,0x000000431d100000)]
  0x000001465c9ca800 JavaThread "Cache worker for file hash cache (C:\Users\sajee\AndroidStudioProjects\Listview_and_Gridview\.gradle\7.4\fileHashes)" [_thread_blocked, id=10984, stack(0x000000431d100000,0x000000431d200000)]
  0x000001465c9ce800 JavaThread "Cache worker for cache directory md-supplier (C:\Users\sajee\AndroidStudioProjects\ud843-QuakeReport-starting-point\caches\7.4\md-supplier)" [_thread_blocked, id=7944, stack(0x000000431d200000,0x000000431d300000)]
  0x000001465c9cc000 JavaThread "Cache worker for execution history cache (C:\Users\sajee\AndroidStudioProjects\ud843-QuakeReport-starting-point\caches\7.4\executionHistory)" [_thread_blocked, id=8860, stack(0x000000431d300000,0x000000431d400000)]
  0x000001465c9c9800 JavaThread "Cache worker for file content cache (C:\Users\sajee\AndroidStudioProjects\ud843-QuakeReport-starting-point\caches\7.4\fileContent)" [_thread_blocked, id=996, stack(0x000000431d400000,0x000000431d500000)]
  0x000001465c9d5000 JavaThread "Cache worker for dependencies-accessors (C:\Users\sajee\AndroidStudioProjects\Listview_and_Gridview\.gradle\7.4\dependencies-accessors)" [_thread_blocked, id=1036, stack(0x000000431d500000,0x000000431d600000)]
  0x000001465c9d4000 JavaThread "Cache worker for Build Output Cleanup Cache (C:\Users\sajee\AndroidStudioProjects\Listview_and_Gridview\.gradle\buildOutputCleanup)" [_thread_blocked, id=864, stack(0x000000431d600000,0x000000431d700000)]
=>0x0000014661c23000 JavaThread "C2 CompilerThread1" daemon [_thread_in_native, id=7760, stack(0x000000431ca00000,0x000000431cb00000)]
  0x000001465c9d6000 JavaThread "Unconstrained build operations" [_thread_blocked, id=11184, stack(0x000000431d700000,0x000000431d800000)]
  0x000001465c9d6800 JavaThread "Unconstrained build operations Thread 2" [_thread_blocked, id=10124, stack(0x000000431d800000,0x000000431d900000)]
  0x000001465c9d1000 JavaThread "Unconstrained build operations Thread 3" [_thread_blocked, id=2504, stack(0x000000431d900000,0x000000431da00000)]
  0x000001465c9d2000 JavaThread "Unconstrained build operations Thread 4" [_thread_blocked, id=9680, stack(0x000000431da00000,0x000000431db00000)]
  0x000001465c9d7800 JavaThread "Unconstrained build operations Thread 5" [_thread_blocked, id=9508, stack(0x000000431db00000,0x000000431dc00000)]
  0x000001465e68e000 JavaThread "Unconstrained build operations Thread 6" [_thread_blocked, id=2720, stack(0x000000431dc00000,0x000000431dd00000)]
  0x000001465e690800 JavaThread "Unconstrained build operations Thread 7" [_thread_blocked, id=10924, stack(0x000000431dd00000,0x000000431de00000)]
  0x000001465e692800 JavaThread "Unconstrained build operations Thread 8" [_thread_blocked, id=5688, stack(0x000000431de00000,0x000000431df00000)]
  0x000001465e690000 JavaThread "Unconstrained build operations Thread 9" [_thread_blocked, id=5980, stack(0x000000431df00000,0x000000431e000000)]
  0x000001465e691800 JavaThread "Unconstrained build operations Thread 10" [_thread_blocked, id=6372, stack(0x000000431e000000,0x000000431e100000)]
  0x000001465e693000 JavaThread "Unconstrained build operations Thread 11" [_thread_blocked, id=7508, stack(0x000000431e100000,0x000000431e200000)]
  0x000001465e68f000 JavaThread "Unconstrained build operations Thread 12" [_thread_blocked, id=9036, stack(0x000000431e200000,0x000000431e300000)]
  0x000001465e68d800 JavaThread "Unconstrained build operations Thread 13" [_thread_blocked, id=7136, stack(0x000000431e300000,0x000000431e400000)]
  0x000001465e699000 JavaThread "Unconstrained build operations Thread 14" [_thread_blocked, id=10728, stack(0x000000431e400000,0x000000431e500000)]
  0x000001465e695800 JavaThread "Unconstrained build operations Thread 15" [_thread_blocked, id=6220, stack(0x000000431e500000,0x000000431e600000)]
  0x000001465e696800 JavaThread "Unconstrained build operations Thread 16" [_thread_blocked, id=8844, stack(0x000000431e600000,0x000000431e700000)]
  0x000001465e699800 JavaThread "Unconstrained build operations Thread 17" [_thread_blocked, id=6536, stack(0x000000431e700000,0x000000431e800000)]
  0x000001465e694000 JavaThread "Unconstrained build operations Thread 18" [_thread_blocked, id=10300, stack(0x000000431e800000,0x000000431e900000)]
  0x000001465e697000 JavaThread "Unconstrained build operations Thread 19" [_thread_blocked, id=120, stack(0x000000431e900000,0x000000431ea00000)]
  0x000001465e698000 JavaThread "Unconstrained build operations Thread 20" [_thread_blocked, id=10916, stack(0x000000431ea00000,0x000000431eb00000)]
  0x000001465e69a800 JavaThread "Unconstrained build operations Thread 21" [_thread_blocked, id=10216, stack(0x000000431eb00000,0x000000431ec00000)]
  0x000001465e695000 JavaThread "Unconstrained build operations Thread 22" [_thread_blocked, id=8412, stack(0x000000431ec00000,0x000000431ed00000)]
  0x000001465e69b800 JavaThread "Unconstrained build operations Thread 23" [_thread_blocked, id=11180, stack(0x000000431ed00000,0x000000431ee00000)]
  0x000001465e69c000 JavaThread "Unconstrained build operations Thread 24" [_thread_blocked, id=10280, stack(0x000000431ee00000,0x000000431ef00000)]
  0x000001465c9b6800 JavaThread "Unconstrained build operations Thread 25" [_thread_blocked, id=8284, stack(0x000000431ef00000,0x000000431f000000)]
  0x000001465c9b5000 JavaThread "Unconstrained build operations Thread 26" [_thread_blocked, id=9160, stack(0x000000431f000000,0x000000431f100000)]
  0x000001465c9b1000 JavaThread "Unconstrained build operations Thread 27" [_thread_blocked, id=9360, stack(0x000000431f100000,0x000000431f200000)]
  0x000001465c9b7800 JavaThread "Unconstrained build operations Thread 28" [_thread_blocked, id=11084, stack(0x000000431f200000,0x000000431f300000)]
  0x000001465c9b5800 JavaThread "Unconstrained build operations Thread 29" [_thread_blocked, id=10468, stack(0x000000431f300000,0x000000431f400000)]
  0x000001465c9b1800 JavaThread "Unconstrained build operations Thread 30" [_thread_blocked, id=6820, stack(0x000000431f400000,0x000000431f500000)]
  0x000001465c9b8000 JavaThread "Unconstrained build operations Thread 31" [_thread_blocked, id=1356, stack(0x000000431f500000,0x000000431f600000)]
  0x000001465c9b2800 JavaThread "Unconstrained build operations Thread 32" [_thread_blocked, id=1740, stack(0x000000431f600000,0x000000431f700000)]
  0x000001465c9b9000 JavaThread "Unconstrained build operations Thread 33" [_thread_blocked, id=2068, stack(0x000000431f700000,0x000000431f800000)]
  0x000001465c9b3000 JavaThread "Unconstrained build operations Thread 34" [_thread_blocked, id=7340, stack(0x000000431f800000,0x000000431f900000)]
  0x000001465c9ba000 JavaThread "Unconstrained build operations Thread 35" [_thread_blocked, id=7116, stack(0x000000431f900000,0x000000431fa00000)]
  0x000001465c9b4000 JavaThread "Unconstrained build operations Thread 36" [_thread_blocked, id=3188, stack(0x000000431fa00000,0x000000431fb00000)]
  0x000001465c9bb800 JavaThread "Unconstrained build operations Thread 37" [_thread_blocked, id=7476, stack(0x000000431fb00000,0x000000431fc00000)]
  0x000001465c9bc000 JavaThread "Unconstrained build operations Thread 38" [_thread_blocked, id=8268, stack(0x000000431fc00000,0x000000431fd00000)]
  0x000001465c9ba800 JavaThread "Unconstrained build operations Thread 39" [_thread_blocked, id=7428, stack(0x000000431fd00000,0x000000431fe00000)]
  0x000001465c9bf800 JavaThread "Unconstrained build operations Thread 40" [_thread_blocked, id=2064, stack(0x000000431fe00000,0x000000431ff00000)]

Other Threads:
  0x000001465ba67800 VMThread "VM Thread" [stack: 0x000000431ad00000,0x000000431ae00000] [id=6768]
  0x000001465c594800 WatcherThread [stack: 0x000000431b700000,0x000000431b800000] [id=9792]
  0x00000146416d3800 GCTaskThread "GC Thread#0" [stack: 0x000000431a800000,0x000000431a900000] [id=980]
  0x000001465ccca800 GCTaskThread "GC Thread#1" [stack: 0x000000431b900000,0x000000431ba00000] [id=10708]
  0x000001465cd2d000 GCTaskThread "GC Thread#2" [stack: 0x000000431ba00000,0x000000431bb00000] [id=7896]
  0x000001465e7b5800 GCTaskThread "GC Thread#3" [stack: 0x000000431bc00000,0x000000431bd00000] [id=11228]
  0x0000014641703800 ConcurrentGCThread "G1 Main Marker" [stack: 0x000000431a900000,0x000000431aa00000] [id=10396]
  0x0000014641704800 ConcurrentGCThread "G1 Conc#0" [stack: 0x000000431aa00000,0x000000431ab00000] [id=7452]
  0x0000014641792000 ConcurrentGCThread "G1 Refine#0" [stack: 0x000000431ab00000,0x000000431ac00000] [id=8428]
  0x0000014641793000 ConcurrentGCThread "G1 Young RemSet Sampling" [stack: 0x000000431ac00000,0x000000431ad00000] [id=8408]

Threads with active compile tasks:
C2 CompilerThread1  12640 6276       4       groovyjarjarantlr4.v4.runtime.atn.PredictionContext::getCachedContext (297 bytes)

VM state:not at safepoint (normal execution)

VM Mutex/Monitor currently owned by a thread: None

Heap address: 0x0000000080000000, size: 2048 MB, Compressed Oops mode: 32-bit
Narrow klass base: 0x0000000000000000, Narrow klass shift: 3
Compressed class space size: 1073741824 Address: 0x0000000100000000

Heap:
 garbage-first heap   total 187392K, used 110884K [0x0000000080000000, 0x0000000100000000)
  region size 1024K, 36 young (36864K), 5 survivors (5120K)
 Metaspace       used 56766K, capacity 58452K, committed 58572K, reserved 1099776K
  class space    used 7261K, capacity 7856K, committed 7884K, reserved 1048576K
Heap Regions: E=young(eden), S=young(survivor), O=old, HS=humongous(starts), HC=humongous(continues), CS=collection set, F=free, A=archive, TAMS=top-at-mark-start (previous, next)
|   0|0x0000000080000000, 0x0000000080100000, 0x0000000080100000|100%|HS|  |TAMS 0x0000000080100000, 0x0000000080000000| Complete 
|   1|0x0000000080100000, 0x0000000080200000, 0x0000000080200000|100%|HC|  |TAMS 0x0000000080200000, 0x0000000080100000| Complete 
|   2|0x0000000080200000, 0x0000000080300000, 0x0000000080300000|100%|HC|  |TAMS 0x0000000080300000, 0x0000000080200000| Complete 
|   3|0x0000000080300000, 0x0000000080400000, 0x0000000080400000|100%| O|  |TAMS 0x0000000080400000, 0x0000000080300000| Untracked 
|   4|0x0000000080400000, 0x0000000080500000, 0x0000000080500000|100%| O|  |TAMS 0x0000000080500000, 0x0000000080400000| Untracked 
|   5|0x0000000080500000, 0x0000000080600000, 0x0000000080600000|100%| O|  |TAMS 0x0000000080600000, 0x0000000080500000| Untracked 
|   6|0x0000000080600000, 0x0000000080700000, 0x0000000080700000|100%| O|  |TAMS 0x0000000080700000, 0x0000000080600000| Untracked 
|   7|0x0000000080700000, 0x0000000080800000, 0x0000000080800000|100%| O|  |TAMS 0x0000000080800000, 0x0000000080700000| Untracked 
|   8|0x0000000080800000, 0x0000000080900000, 0x0000000080900000|100%| O|  |TAMS 0x0000000080900000, 0x0000000080800000| Untracked 
|   9|0x0000000080900000, 0x0000000080a00000, 0x0000000080a00000|100%| O|  |TAMS 0x0000000080a00000, 0x0000000080900000| Untracked 
|  10|0x0000000080a00000, 0x0000000080b00000, 0x0000000080b00000|100%| O|  |TAMS 0x0000000080b00000, 0x0000000080a00000| Untracked 
|  11|0x0000000080b00000, 0x0000000080c00000, 0x0000000080c00000|100%| O|  |TAMS 0x0000000080c00000, 0x0000000080b00000| Untracked 
|  12|0x0000000080c00000, 0x0000000080d00000, 0x0000000080d00000|100%| O|  |TAMS 0x0000000080d00000, 0x0000000080c00000| Untracked 
|  13|0x0000000080d00000, 0x0000000080e00000, 0x0000000080e00000|100%| O|  |TAMS 0x0000000080e00000, 0x0000000080d00000| Untracked 
|  14|0x0000000080e00000, 0x0000000080f00000, 0x0000000080f00000|100%| O|  |TAMS 0x0000000080f00000, 0x0000000080e00000| Untracked 
|  15|0x0000000080f00000, 0x0000000081000000, 0x0000000081000000|100%|HS|  |TAMS 0x0000000081000000, 0x0000000080f00000| Complete 
|  16|0x0000000081000000, 0x0000000081100000, 0x0000000081100000|100%|HC|  |TAMS 0x0000000081100000, 0x0000000081000000| Complete 
|  17|0x0000000081100000, 0x0000000081200000, 0x0000000081200000|100%|HS|  |TAMS 0x0000000081200000, 0x0000000081100000| Complete 
|  18|0x0000000081200000, 0x0000000081300000, 0x0000000081300000|100%|HC|  |TAMS 0x0000000081300000, 0x0000000081200000| Complete 
|  19|0x0000000081300000, 0x0000000081400000, 0x0000000081400000|100%|HC|  |TAMS 0x0000000081400000, 0x0000000081300000| Complete 
|  20|0x0000000081400000, 0x0000000081500000, 0x0000000081500000|100%|HS|  |TAMS 0x0000000081500000, 0x0000000081400000| Complete 
|  21|0x0000000081500000, 0x0000000081600000, 0x0000000081600000|100%|HC|  |TAMS 0x0000000081600000, 0x0000000081500000| Complete 
|  22|0x0000000081600000, 0x0000000081700000, 0x0000000081700000|100%|HC|  |TAMS 0x0000000081700000, 0x0000000081600000| Complete 
|  23|0x0000000081700000, 0x0000000081800000, 0x0000000081800000|100%|HS|  |TAMS 0x0000000081800000, 0x0000000081700000| Complete 
|  24|0x0000000081800000, 0x0000000081900000, 0x0000000081900000|100%|HC|  |TAMS 0x0000000081900000, 0x0000000081800000| Complete 
|  25|0x0000000081900000, 0x0000000081a00000, 0x0000000081a00000|100%|HC|  |TAMS 0x0000000081a00000, 0x0000000081900000| Complete 
|  26|0x0000000081a00000, 0x0000000081b00000, 0x0000000081b00000|100%|HC|  |TAMS 0x0000000081b00000, 0x0000000081a00000| Complete 
|  27|0x0000000081b00000, 0x0000000081c00000, 0x0000000081c00000|100%|HS|  |TAMS 0x0000000081c00000, 0x0000000081b00000| Complete 
|  28|0x0000000081c00000, 0x0000000081d00000, 0x0000000081d00000|100%|HC|  |TAMS 0x0000000081d00000, 0x0000000081c00000| Complete 
|  29|0x0000000081d00000, 0x0000000081e00000, 0x0000000081e00000|100%|HC|  |TAMS 0x0000000081e00000, 0x0000000081d00000| Complete 
|  30|0x0000000081e00000, 0x0000000081f00000, 0x0000000081f00000|100%|HC|  |TAMS 0x0000000081f00000, 0x0000000081e00000| Complete 
|  31|0x0000000081f00000, 0x0000000082000000, 0x0000000082000000|100%|HC|  |TAMS 0x0000000082000000, 0x0000000081f00000| Complete 
|  32|0x0000000082000000, 0x0000000082100000, 0x0000000082100000|100%| O|  |TAMS 0x0000000082100000, 0x0000000082000000| Untracked 
|  33|0x0000000082100000, 0x0000000082200000, 0x0000000082200000|100%| O|  |TAMS 0x0000000082200000, 0x0000000082100000| Untracked 
|  34|0x0000000082200000, 0x0000000082300000, 0x0000000082300000|100%| O|  |TAMS 0x0000000082300000, 0x0000000082200000| Untracked 
|  35|0x0000000082300000, 0x0000000082400000, 0x0000000082400000|100%| O|  |TAMS 0x0000000082400000, 0x0000000082300000| Untracked 
|  36|0x0000000082400000, 0x0000000082500000, 0x0000000082500000|100%| O|  |TAMS 0x0000000082500000, 0x0000000082400000| Untracked 
|  37|0x0000000082500000, 0x0000000082600000, 0x0000000082600000|100%| O|  |TAMS 0x0000000082600000, 0x0000000082500000| Untracked 
|  38|0x0000000082600000, 0x0000000082700000, 0x0000000082700000|100%|HS|  |TAMS 0x0000000082700000, 0x0000000082600000| Complete 
|  39|0x0000000082700000, 0x0000000082800000, 0x0000000082800000|100%|HC|  |TAMS 0x0000000082800000, 0x0000000082700000| Complete 
|  40|0x0000000082800000, 0x0000000082900000, 0x0000000082900000|100%|HC|  |TAMS 0x0000000082900000, 0x0000000082800000| Complete 
|  41|0x0000000082900000, 0x0000000082a00000, 0x0000000082a00000|100%| O|  |TAMS 0x0000000082a00000, 0x0000000082900000| Untracked 
|  42|0x0000000082a00000, 0x0000000082b00000, 0x0000000082b00000|100%| O|  |TAMS 0x0000000082b00000, 0x0000000082a00000| Untracked 
|  43|0x0000000082b00000, 0x0000000082c00000, 0x0000000082c00000|100%| O|  |TAMS 0x0000000082c00000, 0x0000000082b00000| Untracked 
|  44|0x0000000082c00000, 0x0000000082d00000, 0x0000000082d00000|100%|HS|  |TAMS 0x0000000082d00000, 0x0000000082c00000| Complete 
|  45|0x0000000082d00000, 0x0000000082e00000, 0x0000000082e00000|100%|HC|  |TAMS 0x0000000082e00000, 0x0000000082d00000| Complete 
|  46|0x0000000082e00000, 0x0000000082f00000, 0x0000000082f00000|100%|HC|  |TAMS 0x0000000082f00000, 0x0000000082e00000| Complete 
|  47|0x0000000082f00000, 0x0000000083000000, 0x0000000083000000|100%|HC|  |TAMS 0x0000000083000000, 0x0000000082f00000| Complete 
|  48|0x0000000083000000, 0x0000000083100000, 0x0000000083100000|100%|HS|  |TAMS 0x0000000083100000, 0x0000000083000000| Complete 
|  49|0x0000000083100000, 0x0000000083200000, 0x0000000083200000|100%|HC|  |TAMS 0x0000000083200000, 0x0000000083100000| Complete 
|  50|0x0000000083200000, 0x0000000083300000, 0x0000000083300000|100%|HS|  |TAMS 0x0000000083300000, 0x0000000083200000| Complete 
|  51|0x0000000083300000, 0x0000000083400000, 0x0000000083400000|100%|HC|  |TAMS 0x0000000083400000, 0x0000000083300000| Complete 
|  52|0x0000000083400000, 0x0000000083500000, 0x0000000083500000|100%|HC|  |TAMS 0x0000000083500000, 0x0000000083400000| Complete 
|  53|0x0000000083500000, 0x0000000083600000, 0x0000000083600000|100%| O|  |TAMS 0x0000000083600000, 0x0000000083500000| Untracked 
|  54|0x0000000083600000, 0x0000000083700000, 0x0000000083700000|100%| O|  |TAMS 0x0000000083700000, 0x0000000083600000| Untracked 
|  55|0x0000000083700000, 0x0000000083800000, 0x0000000083800000|100%| O|  |TAMS 0x0000000083800000, 0x0000000083700000| Untracked 
|  56|0x0000000083800000, 0x0000000083900000, 0x0000000083900000|100%| O|  |TAMS 0x0000000083900000, 0x0000000083800000| Untracked 
|  57|0x0000000083900000, 0x0000000083a00000, 0x0000000083a00000|100%| O|  |TAMS 0x0000000083a00000, 0x0000000083900000| Untracked 
|  58|0x0000000083a00000, 0x0000000083b00000, 0x0000000083b00000|100%| O|  |TAMS 0x0000000083b00000, 0x0000000083a00000| Untracked 
|  59|0x0000000083b00000, 0x0000000083c00000, 0x0000000083c00000|100%| O|  |TAMS 0x0000000083c00000, 0x0000000083b00000| Untracked 
|  60|0x0000000083c00000, 0x0000000083d00000, 0x0000000083d00000|100%| O|  |TAMS 0x0000000083d00000, 0x0000000083c00000| Untracked 
|  61|0x0000000083d00000, 0x0000000083e00000, 0x0000000083e00000|100%| O|  |TAMS 0x0000000083e00000, 0x0000000083d00000| Untracked 
|  62|0x0000000083e00000, 0x0000000083f00000, 0x0000000083f00000|100%| O|  |TAMS 0x0000000083eeb000, 0x0000000083e00000| Untracked 
|  63|0x0000000083f00000, 0x0000000084000000, 0x0000000084000000|100%| O|  |TAMS 0x0000000083f00000, 0x0000000083f00000| Untracked 
|  64|0x0000000084000000, 0x0000000084100000, 0x0000000084100000|100%| O|  |TAMS 0x0000000084000000, 0x0000000084000000| Untracked 
|  65|0x0000000084100000, 0x0000000084200000, 0x0000000084200000|100%| O|  |TAMS 0x0000000084100000, 0x0000000084100000| Untracked 
|  66|0x0000000084200000, 0x0000000084300000, 0x0000000084300000|100%| O|  |TAMS 0x0000000084300000, 0x0000000084200000| Untracked 
|  67|0x0000000084300000, 0x0000000084400000, 0x0000000084400000|100%|HS|  |TAMS 0x0000000084300000, 0x0000000084300000| Complete 
|  68|0x0000000084400000, 0x0000000084500000, 0x0000000084500000|100%|HC|  |TAMS 0x0000000084400000, 0x0000000084400000| Complete 
|  69|0x0000000084500000, 0x0000000084600000, 0x0000000084600000|100%|HC|  |TAMS 0x0000000084500000, 0x0000000084500000| Complete 
|  70|0x0000000084600000, 0x0000000084700000, 0x0000000084700000|100%|HC|  |TAMS 0x0000000084600000, 0x0000000084600000| Complete 
|  71|0x0000000084700000, 0x0000000084800000, 0x0000000084800000|100%|HC|  |TAMS 0x0000000084700000, 0x0000000084700000| Complete 
|  72|0x0000000084800000, 0x00000000848d5e00, 0x0000000084900000| 83%| O|  |TAMS 0x0000000084800000, 0x0000000084800000| Untracked 
|  73|0x0000000084900000, 0x0000000084a00000, 0x0000000084a00000|100%|HS|  |TAMS 0x0000000084900000, 0x0000000084900000| Complete 
|  74|0x0000000084a00000, 0x0000000084b00000, 0x0000000084b00000|100%|HS|  |TAMS 0x0000000084a00000, 0x0000000084a00000| Complete 
|  75|0x0000000084b00000, 0x0000000084b00000, 0x0000000084c00000|  0%| F|  |TAMS 0x0000000084b00000, 0x0000000084b00000| Untracked 
|  76|0x0000000084c00000, 0x0000000084c00000, 0x0000000084d00000|  0%| F|  |TAMS 0x0000000084c00000, 0x0000000084c00000| Untracked 
|  77|0x0000000084d00000, 0x0000000084d00000, 0x0000000084e00000|  0%| F|  |TAMS 0x0000000084d00000, 0x0000000084d00000| Untracked 
|  78|0x0000000084e00000, 0x0000000084e00000, 0x0000000084f00000|  0%| F|  |TAMS 0x0000000084e00000, 0x0000000084e00000| Untracked 
|  79|0x0000000084f00000, 0x0000000084f00000, 0x0000000085000000|  0%| F|  |TAMS 0x0000000084f00000, 0x0000000084f00000| Untracked 
|  80|0x0000000085000000, 0x0000000085000000, 0x0000000085100000|  0%| F|  |TAMS 0x0000000085000000, 0x0000000085000000| Untracked 
|  81|0x0000000085100000, 0x0000000085100000, 0x0000000085200000|  0%| F|  |TAMS 0x0000000085100000, 0x0000000085100000| Untracked 
|  82|0x0000000085200000, 0x0000000085200000, 0x0000000085300000|  0%| F|  |TAMS 0x0000000085200000, 0x0000000085200000| Untracked 
|  83|0x0000000085300000, 0x0000000085300000, 0x0000000085400000|  0%| F|  |TAMS 0x0000000085300000, 0x0000000085300000| Untracked 
|  84|0x0000000085400000, 0x0000000085400000, 0x0000000085500000|  0%| F|  |TAMS 0x0000000085400000, 0x0000000085400000| Untracked 
|  85|0x0000000085500000, 0x0000000085500000, 0x0000000085600000|  0%| F|  |TAMS 0x0000000085500000, 0x0000000085500000| Untracked 
|  86|0x0000000085600000, 0x0000000085600000, 0x0000000085700000|  0%| F|  |TAMS 0x0000000085600000, 0x0000000085600000| Untracked 
|  87|0x0000000085700000, 0x0000000085700000, 0x0000000085800000|  0%| F|  |TAMS 0x0000000085700000, 0x0000000085700000| Untracked 
|  88|0x0000000085800000, 0x0000000085873570, 0x0000000085900000| 45%| S|CS|TAMS 0x0000000085800000, 0x0000000085800000| Complete 
|  89|0x0000000085900000, 0x0000000085a00000, 0x0000000085a00000|100%| S|CS|TAMS 0x0000000085900000, 0x0000000085900000| Complete 
|  90|0x0000000085a00000, 0x0000000085b00000, 0x0000000085b00000|100%| S|CS|TAMS 0x0000000085a00000, 0x0000000085a00000| Complete 
|  91|0x0000000085b00000, 0x0000000085c00000, 0x0000000085c00000|100%| S|CS|TAMS 0x0000000085b00000, 0x0000000085b00000| Complete 
|  92|0x0000000085c00000, 0x0000000085d00000, 0x0000000085d00000|100%| S|CS|TAMS 0x0000000085c00000, 0x0000000085c00000| Complete 
|  93|0x0000000085d00000, 0x0000000085d00000, 0x0000000085e00000|  0%| F|  |TAMS 0x0000000085d00000, 0x0000000085d00000| Untracked 
|  94|0x0000000085e00000, 0x0000000085e00000, 0x0000000085f00000|  0%| F|  |TAMS 0x0000000085e00000, 0x0000000085e00000| Untracked 
|  95|0x0000000085f00000, 0x0000000085f00000, 0x0000000086000000|  0%| F|  |TAMS 0x0000000085f00000, 0x0000000085f00000| Untracked 
|  96|0x0000000086000000, 0x0000000086000000, 0x0000000086100000|  0%| F|  |TAMS 0x0000000086000000, 0x0000000086000000| Untracked 
|  97|0x0000000086100000, 0x0000000086100000, 0x0000000086200000|  0%| F|  |TAMS 0x0000000086100000, 0x0000000086100000| Untracked 
|  98|0x0000000086200000, 0x0000000086200000, 0x0000000086300000|  0%| F|  |TAMS 0x0000000086200000, 0x0000000086200000| Untracked 
|  99|0x0000000086300000, 0x0000000086300000, 0x0000000086400000|  0%| F|  |TAMS 0x0000000086300000, 0x0000000086300000| Untracked 
| 100|0x0000000086400000, 0x0000000086400000, 0x0000000086500000|  0%| F|  |TAMS 0x0000000086400000, 0x0000000086400000| Untracked 
| 101|0x0000000086500000, 0x0000000086500000, 0x0000000086600000|  0%| F|  |TAMS 0x0000000086500000, 0x0000000086500000| Untracked 
| 102|0x0000000086600000, 0x0000000086600000, 0x0000000086700000|  0%| F|  |TAMS 0x0000000086600000, 0x0000000086600000| Untracked 
| 103|0x0000000086700000, 0x0000000086700000, 0x0000000086800000|  0%| F|  |TAMS 0x0000000086700000, 0x0000000086700000| Untracked 
| 104|0x0000000086800000, 0x0000000086800000, 0x0000000086900000|  0%| F|  |TAMS 0x0000000086800000, 0x0000000086800000| Untracked 
| 105|0x0000000086900000, 0x0000000086900000, 0x0000000086a00000|  0%| F|  |TAMS 0x0000000086900000, 0x0000000086900000| Untracked 
| 106|0x0000000086a00000, 0x0000000086a00000, 0x0000000086b00000|  0%| F|  |TAMS 0x0000000086a00000, 0x0000000086a00000| Untracked 
| 107|0x0000000086b00000, 0x0000000086b00000, 0x0000000086c00000|  0%| F|  |TAMS 0x0000000086b00000, 0x0000000086b00000| Untracked 
| 108|0x0000000086c00000, 0x0000000086c00000, 0x0000000086d00000|  0%| F|  |TAMS 0x0000000086c00000, 0x0000000086c00000| Untracked 
| 109|0x0000000086d00000, 0x0000000086d00000, 0x0000000086e00000|  0%| F|  |TAMS 0x0000000086d00000, 0x0000000086d00000| Untracked 
| 110|0x0000000086e00000, 0x0000000086e00000, 0x0000000086f00000|  0%| F|  |TAMS 0x0000000086e00000, 0x0000000086e00000| Untracked 
| 111|0x0000000086f00000, 0x0000000086f00000, 0x0000000087000000|  0%| F|  |TAMS 0x0000000086f00000, 0x0000000086f00000| Untracked 
| 112|0x0000000087000000, 0x0000000087000000, 0x0000000087100000|  0%| F|  |TAMS 0x0000000087000000, 0x0000000087000000| Untracked 
| 113|0x0000000087100000, 0x0000000087100000, 0x0000000087200000|  0%| F|  |TAMS 0x0000000087100000, 0x0000000087100000| Untracked 
| 114|0x0000000087200000, 0x0000000087200000, 0x0000000087300000|  0%| F|  |TAMS 0x0000000087200000, 0x0000000087200000| Untracked 
| 115|0x0000000087300000, 0x0000000087300000, 0x0000000087400000|  0%| F|  |TAMS 0x0000000087300000, 0x0000000087300000| Untracked 
| 116|0x0000000087400000, 0x0000000087400000, 0x0000000087500000|  0%| F|  |TAMS 0x0000000087400000, 0x0000000087400000| Untracked 
| 117|0x0000000087500000, 0x0000000087500000, 0x0000000087600000|  0%| F|  |TAMS 0x0000000087500000, 0x0000000087500000| Untracked 
| 118|0x0000000087600000, 0x0000000087600000, 0x0000000087700000|  0%| F|  |TAMS 0x0000000087600000, 0x0000000087600000| Untracked 
| 119|0x0000000087700000, 0x0000000087700000, 0x0000000087800000|  0%| F|  |TAMS 0x0000000087700000, 0x0000000087700000| Untracked 
| 120|0x0000000087800000, 0x0000000087800000, 0x0000000087900000|  0%| F|  |TAMS 0x0000000087800000, 0x0000000087800000| Untracked 
| 121|0x0000000087900000, 0x0000000087900000, 0x0000000087a00000|  0%| F|  |TAMS 0x0000000087900000, 0x0000000087900000| Untracked 
| 122|0x0000000087a00000, 0x0000000087a00000, 0x0000000087b00000|  0%| F|  |TAMS 0x0000000087a00000, 0x0000000087a00000| Untracked 
| 123|0x0000000087b00000, 0x0000000087b00000, 0x0000000087c00000|  0%| F|  |TAMS 0x0000000087b00000, 0x0000000087b00000| Untracked 
| 124|0x0000000087c00000, 0x0000000087c00000, 0x0000000087d00000|  0%| F|  |TAMS 0x0000000087c00000, 0x0000000087c00000| Untracked 
| 125|0x0000000087d00000, 0x0000000087d00000, 0x0000000087e00000|  0%| F|  |TAMS 0x0000000087d00000, 0x0000000087d00000| Untracked 
| 126|0x0000000087e00000, 0x0000000087e00000, 0x0000000087f00000|  0%| F|  |TAMS 0x0000000087e00000, 0x0000000087e00000| Untracked 
| 127|0x0000000087f00000, 0x0000000087f00000, 0x0000000088000000|  0%| F|  |TAMS 0x0000000087f00000, 0x0000000087f00000| Untracked 
| 128|0x0000000088000000, 0x0000000088000000, 0x0000000088100000|  0%| F|  |TAMS 0x0000000088000000, 0x0000000088000000| Untracked 
| 129|0x0000000088100000, 0x0000000088100000, 0x0000000088200000|  0%| F|  |TAMS 0x0000000088100000, 0x0000000088100000| Untracked 
| 130|0x0000000088200000, 0x0000000088200000, 0x0000000088300000|  0%| F|  |TAMS 0x0000000088200000, 0x0000000088200000| Untracked 
| 131|0x0000000088300000, 0x0000000088300000, 0x0000000088400000|  0%| F|  |TAMS 0x0000000088300000, 0x0000000088300000| Untracked 
| 132|0x0000000088400000, 0x0000000088400000, 0x0000000088500000|  0%| F|  |TAMS 0x0000000088400000, 0x0000000088400000| Untracked 
| 133|0x0000000088500000, 0x0000000088500000, 0x0000000088600000|  0%| F|  |TAMS 0x0000000088500000, 0x0000000088500000| Untracked 
| 134|0x0000000088600000, 0x0000000088600000, 0x0000000088700000|  0%| F|  |TAMS 0x0000000088600000, 0x0000000088600000| Untracked 
| 135|0x0000000088700000, 0x0000000088700000, 0x0000000088800000|  0%| F|  |TAMS 0x0000000088700000, 0x0000000088700000| Untracked 
| 136|0x0000000088800000, 0x0000000088800000, 0x0000000088900000|  0%| F|  |TAMS 0x0000000088800000, 0x0000000088800000| Untracked 
| 137|0x0000000088900000, 0x0000000088900000, 0x0000000088a00000|  0%| F|  |TAMS 0x0000000088900000, 0x0000000088900000| Untracked 
| 138|0x0000000088a00000, 0x0000000088a00000, 0x0000000088b00000|  0%| F|  |TAMS 0x0000000088a00000, 0x0000000088a00000| Untracked 
| 139|0x0000000088b00000, 0x0000000088b00000, 0x0000000088c00000|  0%| F|  |TAMS 0x0000000088b00000, 0x0000000088b00000| Untracked 
| 140|0x0000000088c00000, 0x0000000088c00000, 0x0000000088d00000|  0%| F|  |TAMS 0x0000000088c00000, 0x0000000088c00000| Untracked 
| 141|0x0000000088d00000, 0x0000000088d00000, 0x0000000088e00000|  0%| F|  |TAMS 0x0000000088d00000, 0x0000000088d00000| Untracked 
| 142|0x0000000088e00000, 0x0000000088e00000, 0x0000000088f00000|  0%| F|  |TAMS 0x0000000088e00000, 0x0000000088e00000| Untracked 
| 143|0x0000000088f00000, 0x0000000088f00000, 0x0000000089000000|  0%| F|  |TAMS 0x0000000088f00000, 0x0000000088f00000| Untracked 
| 144|0x0000000089000000, 0x0000000089000000, 0x0000000089100000|  0%| F|  |TAMS 0x0000000089000000, 0x0000000089000000| Untracked 
| 145|0x0000000089100000, 0x0000000089100000, 0x0000000089200000|  0%| F|  |TAMS 0x0000000089100000, 0x0000000089100000| Untracked 
| 146|0x0000000089200000, 0x0000000089200000, 0x0000000089300000|  0%| F|  |TAMS 0x0000000089200000, 0x0000000089200000| Untracked 
| 147|0x0000000089300000, 0x0000000089300000, 0x0000000089400000|  0%| F|  |TAMS 0x0000000089300000, 0x0000000089300000| Untracked 
| 148|0x0000000089400000, 0x0000000089400000, 0x0000000089500000|  0%| F|  |TAMS 0x0000000089400000, 0x0000000089400000| Untracked 
| 149|0x0000000089500000, 0x0000000089500000, 0x0000000089600000|  0%| F|  |TAMS 0x0000000089500000, 0x0000000089500000| Untracked 
| 150|0x0000000089600000, 0x0000000089600000, 0x0000000089700000|  0%| F|  |TAMS 0x0000000089600000, 0x0000000089600000| Untracked 
| 151|0x0000000089700000, 0x0000000089700000, 0x0000000089800000|  0%| F|  |TAMS 0x0000000089700000, 0x0000000089700000| Untracked 
| 152|0x0000000089800000, 0x0000000089900000, 0x0000000089900000|100%| E|  |TAMS 0x0000000089800000, 0x0000000089800000| Complete 
| 153|0x0000000089900000, 0x0000000089a00000, 0x0000000089a00000|100%| E|  |TAMS 0x0000000089900000, 0x0000000089900000| Complete 
| 154|0x0000000089a00000, 0x0000000089b00000, 0x0000000089b00000|100%| E|CS|TAMS 0x0000000089a00000, 0x0000000089a00000| Complete 
| 155|0x0000000089b00000, 0x0000000089c00000, 0x0000000089c00000|100%| E|CS|TAMS 0x0000000089b00000, 0x0000000089b00000| Complete 
| 156|0x0000000089c00000, 0x0000000089d00000, 0x0000000089d00000|100%| E|CS|TAMS 0x0000000089c00000, 0x0000000089c00000| Complete 
| 157|0x0000000089d00000, 0x0000000089e00000, 0x0000000089e00000|100%| E|CS|TAMS 0x0000000089d00000, 0x0000000089d00000| Complete 
| 158|0x0000000089e00000, 0x0000000089f00000, 0x0000000089f00000|100%| E|CS|TAMS 0x0000000089e00000, 0x0000000089e00000| Complete 
| 159|0x0000000089f00000, 0x000000008a000000, 0x000000008a000000|100%| E|CS|TAMS 0x0000000089f00000, 0x0000000089f00000| Complete 
| 160|0x000000008a000000, 0x000000008a100000, 0x000000008a100000|100%| E|CS|TAMS 0x000000008a000000, 0x000000008a000000| Complete 
| 161|0x000000008a100000, 0x000000008a200000, 0x000000008a200000|100%| E|CS|TAMS 0x000000008a100000, 0x000000008a100000| Complete 
| 162|0x000000008a200000, 0x000000008a300000, 0x000000008a300000|100%| E|CS|TAMS 0x000000008a200000, 0x000000008a200000| Complete 
| 163|0x000000008a300000, 0x000000008a400000, 0x000000008a400000|100%| E|CS|TAMS 0x000000008a300000, 0x000000008a300000| Complete 
| 164|0x000000008a400000, 0x000000008a500000, 0x000000008a500000|100%| E|CS|TAMS 0x000000008a400000, 0x000000008a400000| Complete 
| 165|0x000000008a500000, 0x000000008a600000, 0x000000008a600000|100%| E|CS|TAMS 0x000000008a500000, 0x000000008a500000| Complete 
| 166|0x000000008a600000, 0x000000008a700000, 0x000000008a700000|100%| E|CS|TAMS 0x000000008a600000, 0x000000008a600000| Complete 
| 167|0x000000008a700000, 0x000000008a800000, 0x000000008a800000|100%| E|CS|TAMS 0x000000008a700000, 0x000000008a700000| Complete 
| 168|0x000000008a800000, 0x000000008a900000, 0x000000008a900000|100%| E|CS|TAMS 0x000000008a800000, 0x000000008a800000| Complete 
| 169|0x000000008a900000, 0x000000008aa00000, 0x000000008aa00000|100%| E|CS|TAMS 0x000000008a900000, 0x000000008a900000| Complete 
| 170|0x000000008aa00000, 0x000000008ab00000, 0x000000008ab00000|100%| E|CS|TAMS 0x000000008aa00000, 0x000000008aa00000| Complete 
| 171|0x000000008ab00000, 0x000000008ac00000, 0x000000008ac00000|100%| E|CS|TAMS 0x000000008ab00000, 0x000000008ab00000| Complete 
| 172|0x000000008ac00000, 0x000000008ad00000, 0x000000008ad00000|100%| E|CS|TAMS 0x000000008ac00000, 0x000000008ac00000| Complete 
| 173|0x000000008ad00000, 0x000000008ae00000, 0x000000008ae00000|100%| E|CS|TAMS 0x000000008ad00000, 0x000000008ad00000| Complete 
| 174|0x000000008ae00000, 0x000000008af00000, 0x000000008af00000|100%| E|CS|TAMS 0x000000008ae00000, 0x000000008ae00000| Complete 
| 175|0x000000008af00000, 0x000000008b000000, 0x000000008b000000|100%| E|CS|TAMS 0x000000008af00000, 0x000000008af00000| Complete 
| 176|0x000000008b000000, 0x000000008b100000, 0x000000008b100000|100%| E|CS|TAMS 0x000000008b000000, 0x000000008b000000| Complete 
| 177|0x000000008b100000, 0x000000008b200000, 0x000000008b200000|100%| E|CS|TAMS 0x000000008b100000, 0x000000008b100000| Complete 
| 178|0x000000008b200000, 0x000000008b300000, 0x000000008b300000|100%| E|CS|TAMS 0x000000008b200000, 0x000000008b200000| Complete 
| 179|0x000000008b300000, 0x000000008b400000, 0x000000008b400000|100%| E|CS|TAMS 0x000000008b300000, 0x000000008b300000| Complete 
| 180|0x000000008b400000, 0x000000008b500000, 0x000000008b500000|100%| E|CS|TAMS 0x000000008b400000, 0x000000008b400000| Complete 
| 181|0x000000008b500000, 0x000000008b600000, 0x000000008b600000|100%| E|CS|TAMS 0x000000008b500000, 0x000000008b500000| Complete 
| 182|0x000000008b600000, 0x000000008b700000, 0x000000008b700000|100%| E|CS|TAMS 0x000000008b600000, 0x000000008b600000| Complete 

Card table byte_map: [0x0000014654c30000,0x0000014655030000] _byte_map_base: 0x0000014654830000

Marking Bits (Prev, Next): (CMBitMap*) 0x00000146416fa8f8, (CMBitMap*) 0x00000146416fa930
 Prev Bits: [0x0000014655430000, 0x0000014657430000)
 Next Bits: [0x0000014657430000, 0x0000014659430000)

Polling page: 0x00000146451e0000

Metaspace:

Usage:
  Non-class:     49.41 MB capacity,    48.34 MB ( 98%) used,   936.52 KB (  2%) free+waste,   155.31 KB ( <1%) overhead. 
      Class:      7.67 MB capacity,     7.09 MB ( 92%) used,   519.77 KB (  7%) free+waste,    74.25 KB ( <1%) overhead. 
       Both:     57.08 MB capacity,    55.44 MB ( 97%) used,     1.42 MB (  2%) free+waste,   229.56 KB ( <1%) overhead. 

Virtual space:
  Non-class space:       50.00 MB reserved,      49.50 MB ( 99%) committed 
      Class space:        1.00 GB reserved,       7.70 MB ( <1%) committed 
             Both:        1.05 GB reserved,      57.20 MB (  5%) committed 

Chunk freelists:
   Non-Class:  28.00 KB
       Class:  16.00 KB
        Both:  44.00 KB

MaxMetaspaceSize: 17179869184.00 GB
CompressedClassSpaceSize: 1.00 GB
Initial GC threshold: 20.80 MB
Current GC threshold: 88.67 MB
CDS: off

CodeHeap 'non-profiled nmethods': size=120064Kb used=3650Kb max_used=3650Kb free=116414Kb
 bounds [0x000001464ccc0000, 0x000001464d060000, 0x0000014654200000]
CodeHeap 'profiled nmethods': size=120000Kb used=12658Kb max_used=12658Kb free=107341Kb
 bounds [0x0000014645790000, 0x00000146463f0000, 0x000001464ccc0000]
CodeHeap 'non-nmethods': size=5696Kb used=2314Kb max_used=2359Kb free=3382Kb
 bounds [0x0000014645200000, 0x0000014645470000, 0x0000014645790000]
 total_blobs=7193 nmethods=6374 adapters=729
 compilation: enabled
              stopped_count=0, restarted_count=0
 full_count=0

Compilation events (20 events):
Event: 12.579 Thread 0x000001465ba99000 6339       4       groovyjarjarantlr4.v4.runtime.misc.FlexibleHashMap$Entry::<init> (15 bytes)
Event: 12.581 Thread 0x000001465ba99000 nmethod 6339 0x000001464d04f890 code [0x000001464d04fa20, 0x000001464d04fc18]
Event: 12.582 Thread 0x000001465ba99000 6409       4       java.util.Collections$EmptyList::toArray (5 bytes)
Event: 12.582 Thread 0x000001465ba99000 nmethod 6409 0x000001464d04fc90 code [0x000001464d04fe20, 0x000001464d04fef8]
Event: 12.582 Thread 0x000001465ba99000 6384       4       org.codehaus.groovy.ast.ClassNode::getText (5 bytes)
Event: 12.583 Thread 0x000001465ba99000 nmethod 6384 0x000001464d04ff90 code [0x000001464d050120, 0x000001464d050198]
Event: 12.586 Thread 0x000001465ba9a800 6429       3       com.google.common.base.Equivalence$Equals::doEquivalent (6 bytes)
Event: 12.586 Thread 0x000001465ba9a800 nmethod 6429 0x00000146463e8090 code [0x00000146463e8240, 0x00000146463e8408]
Event: 12.586 Thread 0x000001465ba9a800 6430   !   3       com.google.common.cache.LocalCache$LoadingValueReference::loadFuture (125 bytes)
Event: 12.587 Thread 0x000001465ba9a800 nmethod 6430 0x00000146463e8510 code [0x00000146463e8820, 0x00000146463e97d8]
Event: 12.587 Thread 0x000001465ba9a800 6431       3       com.google.common.util.concurrent.AbstractFuture::get (167 bytes)
Event: 12.588 Thread 0x000001465ba9a800 nmethod 6431 0x00000146463ea010 code [0x00000146463ea340, 0x00000146463eb848]
Event: 12.588 Thread 0x000001465ba9a800 6432       3       com.google.common.base.Stopwatch::elapsedNanos (32 bytes)
Event: 12.588 Thread 0x000001465ba9a800 nmethod 6432 0x00000146463ebe10 code [0x00000146463ebfe0, 0x00000146463ec228]
Event: 12.588 Thread 0x000001465ba9a800 6433       3       com.google.common.collect.MapMakerInternalMap$StrongKeyWeakValueEntry::getValue (10 bytes)
Event: 12.588 Thread 0x000001465ba9a800 nmethod 6433 0x00000146463ec310 code [0x00000146463ec4c0, 0x00000146463ec688]
Event: 12.596 Thread 0x000001465ba9a800 6434   !   3       jdk.internal.loader.URLClassPath::checkURL (16 bytes)
Event: 12.597 Thread 0x000001465ba9a800 nmethod 6434 0x00000146463ec790 code [0x00000146463ec940, 0x00000146463ecae8]
Event: 12.610 Thread 0x000001465ba99000 6435       4       java.lang.String::endsWith (15 bytes)
Event: 12.615 Thread 0x000001465ba99000 nmethod 6435 0x000001464d050290 code [0x000001464d050420, 0x000001464d050658]

GC Heap History (20 events):
Event: 1.971 GC heap before
{Heap before GC invocations=1 (full 0):
 garbage-first heap   total 129024K, used 82537K [0x0000000080000000, 0x0000000100000000)
  region size 1024K, 75 young (76800K), 2 survivors (2048K)
 Metaspace       used 14199K, capacity 14489K, committed 14848K, reserved 1062912K
  class space    used 1575K, capacity 1686K, committed 1792K, reserved 1048576K
}
Event: 1.980 GC heap after
{Heap after GC invocations=2 (full 0):
 garbage-first heap   total 129024K, used 14830K [0x0000000080000000, 0x0000000100000000)
  region size 1024K, 10 young (10240K), 10 survivors (10240K)
 Metaspace       used 14199K, capacity 14489K, committed 14848K, reserved 1062912K
  class space    used 1575K, capacity 1686K, committed 1792K, reserved 1048576K
}
Event: 3.007 GC heap before
{Heap before GC invocations=2 (full 0):
 garbage-first heap   total 129024K, used 57838K [0x0000000080000000, 0x0000000100000000)
  region size 1024K, 53 young (54272K), 10 survivors (10240K)
 Metaspace       used 20738K, capacity 21120K, committed 21248K, reserved 1067008K
  class space    used 2518K, capacity 2695K, committed 2816K, reserved 1048576K
}
Event: 3.017 GC heap after
{Heap after GC invocations=3 (full 0):
 garbage-first heap   total 129024K, used 17207K [0x0000000080000000, 0x0000000100000000)
  region size 1024K, 3 young (3072K), 3 survivors (3072K)
 Metaspace       used 20738K, capacity 21120K, committed 21248K, reserved 1067008K
  class space    used 2518K, capacity 2695K, committed 2816K, reserved 1048576K
}
Event: 5.474 GC heap before
{Heap before GC invocations=4 (full 0):
 garbage-first heap   total 129024K, used 82743K [0x0000000080000000, 0x0000000100000000)
  region size 1024K, 62 young (63488K), 3 survivors (3072K)
 Metaspace       used 27003K, capacity 27743K, committed 27904K, reserved 1073152K
  class space    used 3524K, capacity 3805K, committed 3840K, reserved 1048576K
}
Event: 5.480 GC heap after
{Heap after GC invocations=5 (full 0):
 garbage-first heap   total 129024K, used 25758K [0x0000000080000000, 0x0000000100000000)
  region size 1024K, 6 young (6144K), 6 survivors (6144K)
 Metaspace       used 27003K, capacity 27743K, committed 27904K, reserved 1073152K
  class space    used 3524K, capacity 3805K, committed 3840K, reserved 1048576K
}
Event: 6.101 GC heap before
{Heap before GC invocations=5 (full 0):
 garbage-first heap   total 129024K, used 99486K [0x0000000080000000, 0x0000000100000000)
  region size 1024K, 66 young (67584K), 6 survivors (6144K)
 Metaspace       used 32067K, capacity 32885K, committed 33024K, reserved 1077248K
  class space    used 4288K, capacity 4581K, committed 4608K, reserved 1048576K
}
Event: 6.110 GC heap after
{Heap after GC invocations=6 (full 0):
 garbage-first heap   total 129024K, used 42489K [0x0000000080000000, 0x0000000100000000)
  region size 1024K, 9 young (9216K), 9 survivors (9216K)
 Metaspace       used 32067K, capacity 32885K, committed 33024K, reserved 1077248K
  class space    used 4288K, capacity 4581K, committed 4608K, reserved 1048576K
}
Event: 6.405 GC heap before
{Heap before GC invocations=6 (full 0):
 garbage-first heap   total 129024K, used 55801K [0x0000000080000000, 0x0000000100000000)
  region size 1024K, 23 young (23552K), 9 survivors (9216K)
 Metaspace       used 34837K, capacity 35756K, committed 35840K, reserved 1081344K
  class space    used 4598K, capacity 4962K, committed 4992K, reserved 1048576K
}
Event: 6.415 GC heap after
{Heap after GC invocations=7 (full 0):
 garbage-first heap   total 129024K, used 44048K [0x0000000080000000, 0x0000000100000000)
  region size 1024K, 6 young (6144K), 6 survivors (6144K)
 Metaspace       used 34837K, capacity 35756K, committed 35840K, reserved 1081344K
  class space    used 4598K, capacity 4962K, committed 4992K, reserved 1048576K
}
Event: 7.079 GC heap before
{Heap before GC invocations=8 (full 0):
 garbage-first heap   total 129024K, used 102416K [0x0000000080000000, 0x0000000100000000)
  region size 1024K, 60 young (61440K), 6 survivors (6144K)
 Metaspace       used 41431K, capacity 42565K, committed 42828K, reserved 1087488K
  class space    used 5244K, capacity 5670K, committed 5708K, reserved 1048576K
}
Event: 7.090 GC heap after
{Heap after GC invocations=9 (full 0):
 garbage-first heap   total 155648K, used 48320K [0x0000000080000000, 0x0000000100000000)
  region size 1024K, 7 young (7168K), 7 survivors (7168K)
 Metaspace       used 41431K, capacity 42565K, committed 42828K, reserved 1087488K
  class space    used 5244K, capacity 5670K, committed 5708K, reserved 1048576K
}
Event: 8.617 GC heap before
{Heap before GC invocations=10 (full 0):
 garbage-first heap   total 155648K, used 126144K [0x0000000080000000, 0x0000000100000000)
  region size 1024K, 70 young (71680K), 7 survivors (7168K)
 Metaspace       used 47070K, capacity 48270K, committed 48460K, reserved 1091584K
  class space    used 5990K, capacity 6438K, committed 6476K, reserved 1048576K
}
Event: 8.632 GC heap after
{Heap after GC invocations=11 (full 0):
 garbage-first heap   total 155648K, used 65687K [0x0000000080000000, 0x0000000100000000)
  region size 1024K, 6 young (6144K), 6 survivors (6144K)
 Metaspace       used 47070K, capacity 48270K, committed 48460K, reserved 1091584K
  class space    used 5990K, capacity 6438K, committed 6476K, reserved 1048576K
}
Event: 9.486 GC heap before
{Heap before GC invocations=11 (full 0):
 garbage-first heap   total 155648K, used 120983K [0x0000000080000000, 0x0000000100000000)
  region size 1024K, 60 young (61440K), 6 survivors (6144K)
 Metaspace       used 51658K, capacity 52952K, committed 53196K, reserved 1095680K
  class space    used 6547K, capacity 7076K, committed 7116K, reserved 1048576K
}
Event: 9.498 GC heap after
{Heap after GC invocations=12 (full 0):
 garbage-first heap   total 155648K, used 69739K [0x0000000080000000, 0x0000000100000000)
  region size 1024K, 5 young (5120K), 5 survivors (5120K)
 Metaspace       used 51658K, capacity 52952K, committed 53196K, reserved 1095680K
  class space    used 6547K, capacity 7076K, committed 7116K, reserved 1048576K
}
Event: 10.155 GC heap before
{Heap before GC invocations=12 (full 0):
 garbage-first heap   total 155648K, used 87147K [0x0000000080000000, 0x0000000100000000)
  region size 1024K, 23 young (23552K), 5 survivors (5120K)
 Metaspace       used 52776K, capacity 54283K, committed 54476K, reserved 1095680K
  class space    used 6737K, capacity 7265K, committed 7372K, reserved 1048576K
}
Event: 10.171 GC heap after
{Heap after GC invocations=13 (full 0):
 garbage-first heap   total 155648K, used 70547K [0x0000000080000000, 0x0000000100000000)
  region size 1024K, 5 young (5120K), 5 survivors (5120K)
 Metaspace       used 52776K, capacity 54283K, committed 54476K, reserved 1095680K
  class space    used 6737K, capacity 7265K, committed 7372K, reserved 1048576K
}
Event: 11.812 GC heap before
{Heap before GC invocations=14 (full 0):
 garbage-first heap   total 155648K, used 130963K [0x0000000080000000, 0x0000000100000000)
  region size 1024K, 59 young (60416K), 5 survivors (5120K)
 Metaspace       used 56190K, capacity 57794K, committed 58060K, reserved 1099776K
  class space    used 7220K, capacity 7770K, committed 7884K, reserved 1048576K
}
Event: 11.823 GC heap after
{Heap after GC invocations=15 (full 0):
 garbage-first heap   total 187392K, used 79140K [0x0000000080000000, 0x0000000100000000)
  region size 1024K, 5 young (5120K), 5 survivors (5120K)
 Metaspace       used 56190K, capacity 57794K, committed 58060K, reserved 1099776K
  class space    used 7220K, capacity 7770K, committed 7884K, reserved 1048576K
}

Deoptimization events (20 events):
Event: 12.309 Thread 0x000001465dee7000 DEOPT PACKING pc=0x000001464cec87f8 sp=0x000000431c1fb000
Event: 12.309 Thread 0x000001465dee7000 DEOPT UNPACKING pc=0x000001464524a1af sp=0x000000431c1fb010 mode 2
Event: 12.386 Thread 0x000001465dee7000 DEOPT PACKING pc=0x0000014646040207 sp=0x000000431c1f77f0
Event: 12.386 Thread 0x000001465dee7000 DEOPT UNPACKING pc=0x000001464524a95e sp=0x000000431c1f6d28 mode 0
Event: 12.470 Thread 0x000001465dee7000 DEOPT PACKING pc=0x00000146460376e2 sp=0x000000431c1f7910
Event: 12.470 Thread 0x000001465dee7000 DEOPT UNPACKING pc=0x000001464524a95e sp=0x000000431c1f6ed0 mode 0
Event: 12.492 Thread 0x000001465dee7000 DEOPT PACKING pc=0x000001464601c056 sp=0x000000431c1f6f10
Event: 12.492 Thread 0x000001465dee7000 DEOPT UNPACKING pc=0x000001464524a95e sp=0x000000431c1f63a0 mode 0
Event: 12.533 Thread 0x000001465dee7000 DEOPT PACKING pc=0x0000014646197cf1 sp=0x000000431c1f76a0
Event: 12.533 Thread 0x000001465dee7000 DEOPT UNPACKING pc=0x000001464524a95e sp=0x000000431c1f6b98 mode 0
Event: 12.537 Thread 0x000001465dee7000 DEOPT PACKING pc=0x0000014646197cf1 sp=0x000000431c1f7550
Event: 12.537 Thread 0x000001465dee7000 DEOPT UNPACKING pc=0x000001464524a95e sp=0x000000431c1f6a48 mode 0
Event: 12.542 Thread 0x000001465dee7000 Uncommon trap: trap_request=0xffffffde fr.pc=0x000001464cce6564 relative=0x00000000000001c4
Event: 12.542 Thread 0x000001465dee7000 Uncommon trap: reason=class_check action=maybe_recompile pc=0x000001464cce6564 method=java.lang.String.equals(Ljava/lang/Object;)Z @ 8 c2
Event: 12.542 Thread 0x000001465dee7000 DEOPT PACKING pc=0x000001464cce6564 sp=0x000000431c1f7ba0
Event: 12.542 Thread 0x000001465dee7000 DEOPT UNPACKING pc=0x000001464524a1af sp=0x000000431c1f7b48 mode 2
Event: 12.576 Thread 0x000001465dee7000 Uncommon trap: trap_request=0xffffffc6 fr.pc=0x000001464cde9ff8 relative=0x0000000000000218
Event: 12.576 Thread 0x000001465dee7000 Uncommon trap: reason=bimorphic_or_optimized_type_check action=maybe_recompile pc=0x000001464cde9ff8 method=com.google.common.base.CharMatcher.indexIn(Ljava/lang/CharSequence;I)I @ 31 c2
Event: 12.576 Thread 0x000001465dee7000 DEOPT PACKING pc=0x000001464cde9ff8 sp=0x000000431c1f7940
Event: 12.576 Thread 0x000001465dee7000 DEOPT UNPACKING pc=0x000001464524a1af sp=0x000000431c1f78e8 mode 2

Classes redefined (0 events):
No events

Internal exceptions (20 events):
Event: 10.750 Thread 0x000001465dc5d000 Exception <a 'sun/nio/fs/WindowsException'{0x0000000087e110e0}> (0x0000000087e110e0) thrown at [./src/hotspot/share/prims/jni.cpp, line 616]
Event: 10.757 Thread 0x000001465dc5d000 Exception <a 'sun/nio/fs/WindowsException'{0x0000000087e30a60}> (0x0000000087e30a60) thrown at [./src/hotspot/share/prims/jni.cpp, line 616]
Event: 10.758 Thread 0x000001465dc5d000 Exception <a 'sun/nio/fs/WindowsException'{0x0000000087e30c90}> (0x0000000087e30c90) thrown at [./src/hotspot/share/prims/jni.cpp, line 616]
Event: 10.770 Thread 0x000001465dee7000 Exception <a 'java/lang/ClassNotFoundException'{0x0000000087ec8770}: build_6oi5jkugtpc5uuzsb8ee2fwcwBeanInfo> (0x0000000087ec8770) thrown at [./src/hotspot/share/classfile/systemDictionary.cpp, line 231]
Event: 10.771 Thread 0x000001465dee7000 Exception <a 'java/lang/ClassNotFoundException'{0x0000000087ee0030}: org/gradle/api/internal/project/ProjectScriptBeanInfo> (0x0000000087ee0030) thrown at [./src/hotspot/share/classfile/systemDictionary.cpp, line 231]
Event: 10.771 Thread 0x000001465dee7000 Exception <a 'java/lang/ClassNotFoundException'{0x0000000087ef7860}: org/gradle/api/internal/project/ProjectScriptCustomizer> (0x0000000087ef7860) thrown at [./src/hotspot/share/classfile/systemDictionary.cpp, line 231]
Event: 10.773 Thread 0x000001465dee7000 Exception <a 'java/lang/ClassNotFoundException'{0x0000000087d13ee8}: build_6oi5jkugtpc5uuzsb8ee2fwcwCustomizer> (0x0000000087d13ee8) thrown at [./src/hotspot/share/classfile/systemDictionary.cpp, line 231]
Event: 10.784 Thread 0x000001465dee7000 Exception <a 'java/lang/ClassNotFoundException'{0x0000000087d9ccc8}: org/gradle/plugin/use/internal/PluginRequestCollector$PluginDependenciesSpecImplBeanInfo> (0x0000000087d9ccc8) thrown at [./src/hotspot/share/classfile/systemDictionary.cpp, line 231]
Event: 10.785 Thread 0x000001465dee7000 Exception <a 'java/lang/ClassNotFoundException'{0x0000000087dcd168}: org/gradle/plugin/use/internal/PluginRequestCollector$PluginDependenciesSpecImplCustomizer> (0x0000000087dcd168) thrown at [./src/hotspot/share/classfile/systemDictionary.cpp, line 231]
Event: 10.788 Thread 0x000001465dee7000 Exception <a 'java/lang/ClassNotFoundException'{0x0000000087c31bf8}: org/gradle/plugin/use/internal/PluginRequestCollector$PluginDependencySpecImplBeanInfo> (0x0000000087c31bf8) thrown at [./src/hotspot/share/classfile/systemDictionary.cpp, line 231]
Event: 10.789 Thread 0x000001465dee7000 Exception <a 'java/lang/ClassNotFoundException'{0x0000000087c602f8}: org/gradle/plugin/use/internal/PluginRequestCollector$PluginDependencySpecImplCustomizer> (0x0000000087c602f8) thrown at [./src/hotspot/share/classfile/systemDictionary.cpp, line 231]
Event: 11.255 Thread 0x000001465dee7000 Exception <a 'java/lang/NoSuchMethodError'{0x0000000086b5bda0}: 'void java.lang.invoke.DirectMethodHandle$Holder.invokeStatic(java.lang.Object, java.lang.Object, java.lang.Object, int, java.lang.Object)'> (0x0000000086b5bda0) thrown at [./src/hotspot/share/interpreter/linkResolver.cpp, line 773]
Event: 12.295 Thread 0x000001465dc5d000 Exception <a 'sun/nio/fs/WindowsException'{0x000000008ac530c0}> (0x000000008ac530c0) thrown at [./src/hotspot/share/prims/jni.cpp, line 616]
Event: 12.299 Thread 0x000001465dc5d000 Exception <a 'sun/nio/fs/WindowsException'{0x000000008a9bf248}> (0x000000008a9bf248) thrown at [./src/hotspot/share/prims/jni.cpp, line 616]
Event: 12.301 Thread 0x000001465dc5d000 Exception <a 'sun/nio/fs/WindowsException'{0x000000008a9bf470}> (0x000000008a9bf470) thrown at [./src/hotspot/share/prims/jni.cpp, line 616]
Event: 12.557 Thread 0x000001465dc62800 Exception <a 'sun/nio/fs/WindowsException'{0x000000008ac40220}> (0x000000008ac40220) thrown at [./src/hotspot/share/prims/jni.cpp, line 616]
Event: 12.561 Thread 0x000001465dc62800 Exception <a 'sun/nio/fs/WindowsException'{0x0000000089b9ec90}> (0x0000000089b9ec90) thrown at [./src/hotspot/share/prims/jni.cpp, line 616]
Event: 12.562 Thread 0x000001465dc62800 Exception <a 'sun/nio/fs/WindowsException'{0x0000000089b9eec0}> (0x0000000089b9eec0) thrown at [./src/hotspot/share/prims/jni.cpp, line 616]
Event: 12.571 Thread 0x000001465dee7000 Exception <a 'java/lang/ClassNotFoundException'{0x0000000089a1a9a0}: build_7qe93y4p71yj1bygbt5qeukj1BeanInfo> (0x0000000089a1a9a0) thrown at [./src/hotspot/share/classfile/systemDictionary.cpp, line 231]
Event: 12.572 Thread 0x000001465dee7000 Exception <a 'java/lang/ClassNotFoundException'{0x0000000089a26850}: build_7qe93y4p71yj1bygbt5qeukj1Customizer> (0x0000000089a26850) thrown at [./src/hotspot/share/classfile/systemDictionary.cpp, line 231]

Events (20 events):
Event: 12.591 loading class kotlin/Deprecated
Event: 12.591 loading class kotlin/Deprecated done
Event: 12.591 loading class kotlin/ReplaceWith
Event: 12.591 loading class kotlin/ReplaceWith done
Event: 12.592 loading class kotlin/DeprecationLevel
Event: 12.592 loading class kotlin/DeprecationLevel done
Event: 12.592 loading class kotlin/annotation/MustBeDocumented
Event: 12.592 loading class kotlin/annotation/MustBeDocumented done
Event: 12.595 loading class com/android/build/gradle/BasePluginKt
Event: 12.595 loading class com/android/build/gradle/BasePluginKt done
Event: 12.595 loading class org/gradle/api/internal/plugins/DefaultObjectConfigurationAction$3
Event: 12.595 loading class org/gradle/api/internal/plugins/DefaultObjectConfigurationAction$3 done
Event: 12.597 loading class com/android/build/gradle/internal/plugins/VersionCheckPlugin
Event: 12.597 loading class com/android/build/gradle/internal/plugins/VersionCheckPlugin done
Event: 12.598 loading class com/android/build/gradle/internal/plugins/VersionCheckPlugin$Companion
Event: 12.598 loading class com/android/build/gradle/internal/plugins/VersionCheckPlugin$Companion done
Event: 12.599 loading class com/android/ide/common/repository/GradleVersion
Event: 12.599 loading class com/android/ide/common/repository/GradleVersion done
Event: 12.612 loading class com/google/common/base/Splitter
Event: 12.612 loading class com/google/common/base/Splitter done


Dynamic libraries:
0x00007ff677130000 - 0x00007ff67713a000 	C:\Program Files\Android\Android Studio\jre\bin\java.exe
0x00007ffb2f730000 - 0x00007ffb2f928000 	C:\WINDOWS\SYSTEM32\ntdll.dll
0x00007ffb2e1f0000 - 0x00007ffb2e2ad000 	C:\WINDOWS\System32\KERNEL32.DLL
0x00007ffb2d330000 - 0x00007ffb2d602000 	C:\WINDOWS\System32\KERNELBASE.dll
0x00007ffb2d660000 - 0x00007ffb2d760000 	C:\WINDOWS\System32\ucrtbase.dll
0x00007ffb277b0000 - 0x00007ffb277c7000 	C:\Program Files\Android\Android Studio\jre\bin\VCRUNTIME140.dll
0x00007ffb26250000 - 0x00007ffb26269000 	C:\Program Files\Android\Android Studio\jre\bin\jli.dll
0x00007ffb2e490000 - 0x00007ffb2e62d000 	C:\WINDOWS\System32\USER32.dll
0x00007ffb2d200000 - 0x00007ffb2d222000 	C:\WINDOWS\System32\win32u.dll
0x00007ffb2e2b0000 - 0x00007ffb2e2db000 	C:\WINDOWS\System32\GDI32.dll
0x00007ffb14c90000 - 0x00007ffb14f2a000 	C:\WINDOWS\WinSxS\amd64_microsoft.windows.common-controls_6595b64144ccf1df_6.0.19041.1110_none_60b5254171f9507e\COMCTL32.dll
0x00007ffb2ce40000 - 0x00007ffb2cf4f000 	C:\WINDOWS\System32\gdi32full.dll
0x00007ffb2d160000 - 0x00007ffb2d1fd000 	C:\WINDOWS\System32\msvcp_win.dll
0x00007ffb2e010000 - 0x00007ffb2e0ae000 	C:\WINDOWS\System32\msvcrt.dll
0x00007ffb2e1c0000 - 0x00007ffb2e1f0000 	C:\WINDOWS\System32\IMM32.DLL
0x00007ffb23e30000 - 0x00007ffb23ecd000 	C:\Program Files\Android\Android Studio\jre\bin\msvcp140.dll
0x00007ffad7b60000 - 0x00007ffad8662000 	C:\Program Files\Android\Android Studio\jre\bin\server\jvm.dll
0x00007ffb2e3e0000 - 0x00007ffb2e48e000 	C:\WINDOWS\System32\ADVAPI32.dll
0x00007ffb2df70000 - 0x00007ffb2e00c000 	C:\WINDOWS\System32\sechost.dll
0x00007ffb2e8c0000 - 0x00007ffb2e9e5000 	C:\WINDOWS\System32\RPCRT4.dll
0x00007ffb2e340000 - 0x00007ffb2e348000 	C:\WINDOWS\System32\PSAPI.DLL
0x00007ffb28a80000 - 0x00007ffb28a89000 	C:\WINDOWS\SYSTEM32\WSOCK32.dll
0x00007ffb2e370000 - 0x00007ffb2e3db000 	C:\WINDOWS\System32\WS2_32.dll
0x00007ffb14c60000 - 0x00007ffb14c87000 	C:\WINDOWS\SYSTEM32\WINMM.dll
0x00007ffb24580000 - 0x00007ffb2458a000 	C:\WINDOWS\SYSTEM32\VERSION.dll
0x00007ffb2ad00000 - 0x00007ffb2ad12000 	C:\WINDOWS\SYSTEM32\kernel.appcore.dll
0x00007ffb27750000 - 0x00007ffb27761000 	C:\Program Files\Android\Android Studio\jre\bin\verify.dll
0x00007ffb18540000 - 0x00007ffb18724000 	C:\WINDOWS\SYSTEM32\DBGHELP.DLL
0x00007ffb17af0000 - 0x00007ffb17b1c000 	C:\WINDOWS\SYSTEM32\dbgcore.DLL
0x00007ffb2d230000 - 0x00007ffb2d2b2000 	C:\WINDOWS\System32\bcryptPrimitives.dll
0x00007ffb27710000 - 0x00007ffb27739000 	C:\Program Files\Android\Android Studio\jre\bin\java.dll
0x00007ffb28a50000 - 0x00007ffb28a5b000 	C:\Program Files\Android\Android Studio\jre\bin\jimage.dll
0x00007ffb26db0000 - 0x00007ffb26dc8000 	C:\Program Files\Android\Android Studio\jre\bin\zip.dll
0x00007ffb2e9f0000 - 0x00007ffb2f133000 	C:\WINDOWS\System32\SHELL32.dll
0x00007ffb2af00000 - 0x00007ffb2b691000 	C:\WINDOWS\SYSTEM32\windows.storage.dll
0x00007ffb2d790000 - 0x00007ffb2dae4000 	C:\WINDOWS\System32\combase.dll
0x00007ffb2c8a0000 - 0x00007ffb2c8d0000 	C:\WINDOWS\SYSTEM32\Wldp.dll
0x00007ffb2e630000 - 0x00007ffb2e6dd000 	C:\WINDOWS\System32\SHCORE.dll
0x00007ffb2f420000 - 0x00007ffb2f475000 	C:\WINDOWS\System32\shlwapi.dll
0x00007ffb2cd80000 - 0x00007ffb2cd9f000 	C:\WINDOWS\SYSTEM32\profapi.dll
0x00007ffb266e0000 - 0x00007ffb266fa000 	C:\Program Files\Android\Android Studio\jre\bin\net.dll
0x00007ffb1d1d0000 - 0x00007ffb1d2dd000 	C:\WINDOWS\SYSTEM32\WINHTTP.dll
0x00007ffb2c600000 - 0x00007ffb2c66a000 	C:\WINDOWS\system32\mswsock.dll
0x00007ffb26630000 - 0x00007ffb26644000 	C:\Program Files\Android\Android Studio\jre\bin\nio.dll
0x00007ffb24ee0000 - 0x00007ffb24f07000 	C:\Users\sajee\AndroidStudioProjects\ud843-QuakeReport-starting-point\native\e1d6ef7f7dcc3fd88c89a11ec53ec762bb8ba0a96d01ffa2cd45eb1d1d8dd5c5\windows-amd64\native-platform.dll
0x00007ffb155e0000 - 0x00007ffb15724000 	C:\Users\sajee\AndroidStudioProjects\ud843-QuakeReport-starting-point\native\0d407fdbe67a94daf76414ababcb853783967236a71b16ec16e742cd7a986fd3\windows-amd64\native-platform-file-events.dll
0x00007ffb28700000 - 0x00007ffb2870a000 	C:\Program Files\Android\Android Studio\jre\bin\management.dll
0x00007ffb277a0000 - 0x00007ffb277ad000 	C:\Program Files\Android\Android Studio\jre\bin\management_ext.dll
0x00007ffb2c800000 - 0x00007ffb2c818000 	C:\WINDOWS\SYSTEM32\CRYPTSP.dll
0x00007ffb2beb0000 - 0x00007ffb2bee4000 	C:\WINDOWS\system32\rsaenh.dll
0x00007ffb2d760000 - 0x00007ffb2d787000 	C:\WINDOWS\System32\bcrypt.dll
0x00007ffb2cd00000 - 0x00007ffb2cd2e000 	C:\WINDOWS\SYSTEM32\USERENV.dll
0x00007ffb2c7f0000 - 0x00007ffb2c7fc000 	C:\WINDOWS\SYSTEM32\CRYPTBASE.dll
0x00007ffb2c2a0000 - 0x00007ffb2c2db000 	C:\WINDOWS\SYSTEM32\IPHLPAPI.DLL
0x00007ffb2f680000 - 0x00007ffb2f688000 	C:\WINDOWS\System32\NSI.dll
0x00007ffb24950000 - 0x00007ffb24967000 	C:\WINDOWS\SYSTEM32\dhcpcsvc6.DLL
0x00007ffb24970000 - 0x00007ffb2498d000 	C:\WINDOWS\SYSTEM32\dhcpcsvc.DLL
0x00007ffb2c2e0000 - 0x00007ffb2c3aa000 	C:\WINDOWS\SYSTEM32\DNSAPI.dll

dbghelp: loaded successfully - version: 4.0.5 - missing functions: none
symbol engine: initialized successfully - sym options: 0x614 - pdb path: .;C:\Program Files\Android\Android Studio\jre\bin;C:\WINDOWS\SYSTEM32;C:\WINDOWS\WinSxS\amd64_microsoft.windows.common-controls_6595b64144ccf1df_6.0.19041.1110_none_60b5254171f9507e;C:\Program Files\Android\Android Studio\jre\bin\server;C:\Users\sajee\AndroidStudioProjects\ud843-QuakeReport-starting-point\native\e1d6ef7f7dcc3fd88c89a11ec53ec762bb8ba0a96d01ffa2cd45eb1d1d8dd5c5\windows-amd64;C:\Users\sajee\AndroidStudioProjects\ud843-QuakeReport-starting-point\native\0d407fdbe67a94daf76414ababcb853783967236a71b16ec16e742cd7a986fd3\windows-amd64

VM Arguments:
jvm_args: --add-opens=java.base/java.util=ALL-UNNAMED --add-opens=java.base/java.lang=ALL-UNNAMED --add-opens=java.base/java.lang.invoke=ALL-UNNAMED --add-opens=java.base/java.util=ALL-UNNAMED --add-opens=java.prefs/java.util.prefs=ALL-UNNAMED --add-opens=java.prefs/java.util.prefs=ALL-UNNAMED --add-opens=java.base/java.nio.charset=ALL-UNNAMED --add-opens=java.base/java.net=ALL-UNNAMED --add-opens=java.base/java.util.concurrent.atomic=ALL-UNNAMED -Xmx2048m -Dfile.encoding=UTF-8 -Duser.country=US -Duser.language=en -Duser.variant 
java_command: org.gradle.launcher.daemon.bootstrap.GradleDaemon 7.4
java_class_path (initial): C:\Users\sajee\AndroidStudioProjects\ud843-QuakeReport-starting-point\wrapper\dists\gradle-7.4-bin\c0gwcg53nkjbqw7r0h0umtfvt\gradle-7.4\lib\gradle-launcher-7.4.jar
Launcher Type: SUN_STANDARD

[Global flags]
     intx CICompilerCount                          = 3                                         {product} {ergonomic}
     uint ConcGCThreads                            = 1                                         {product} {ergonomic}
     uint G1ConcRefinementThreads                  = 4                                         {product} {ergonomic}
   size_t G1HeapRegionSize                         = 1048576                                   {product} {ergonomic}
    uintx GCDrainStackTargetSize                   = 64                                        {product} {ergonomic}
   size_t InitialHeapSize                          = 132120576                                 {product} {ergonomic}
   size_t MarkStackSize                            = 4194304                                   {product} {ergonomic}
   size_t MaxHeapSize                              = 2147483648                                {product} {command line}
   size_t MaxNewSize                               = 1287651328                                {product} {ergonomic}
   size_t MinHeapDeltaBytes                        = 1048576                                   {product} {ergonomic}
    uintx NonNMethodCodeHeapSize                   = 5830732                                {pd product} {ergonomic}
    uintx NonProfiledCodeHeapSize                  = 122913754                              {pd product} {ergonomic}
    uintx ProfiledCodeHeapSize                     = 122913754                              {pd product} {ergonomic}
    uintx ReservedCodeCacheSize                    = 251658240                              {pd product} {ergonomic}
     bool SegmentedCodeCache                       = true                                      {product} {ergonomic}
     bool UseCompressedClassPointers               = true                                 {lp64_product} {ergonomic}
     bool UseCompressedOops                        = true                                 {lp64_product} {ergonomic}
     bool UseG1GC                                  = true                                      {product} {ergonomic}
     bool UseLargePagesIndividualAllocation        = false                                  {pd product} {ergonomic}

Logging:
Log output configuration:
 #0: stdout all=warning uptime,level,tags
 #1: stderr all=off uptime,level,tags

Environment Variables:
PATH=C:\Program Files (x86)\Common Files\Oracle\Java\javapath;C:\WINDOWS\system32;C:\WINDOWS;C:\WINDOWS\System32\Wbem;C:\WINDOWS\System32\WindowsPowerShell\v1.0\;C:\WINDOWS\System32\OpenSSH\;C:\Program Files\Git\cmd;C:\Users\sajee\AppData\Local\Microsoft\WindowsApps;
USERNAME=sajee
OS=Windows_NT
PROCESSOR_IDENTIFIER=Intel64 Family 6 Model 142 Stepping 11, GenuineIntel



---------------  S Y S T E M  ---------------

OS: Windows 10 , 64 bit Build 19041 (10.0.19041.1889)
OS uptime: 0 days 21:39 hours

CPU:total 4 (initial active 4) (2 cores per cpu, 2 threads per core) family 6 model 142 stepping 11 microcode 0xae, cmov, cx8, fxsr, mmx, sse, sse2, sse3, ssse3, sse4.1, sse4.2, popcnt, avx, avx2, aes, clmul, erms, 3dnowpref, lzcnt, ht, tsc, tscinvbit, bmi1, bmi2, adx, fma

Memory: 4k page, system-wide physical 8043M (1691M free)
TotalPageFile size 22140M (AvailPageFile size 7M)
current process WorkingSet (physical memory assigned to process): 371M, peak: 371M
current process commit charge ("private bytes"): 404M, peak: 406M

vm_info: OpenJDK 64-Bit Server VM (11.0.13+0-b1751.21-8125866) for windows-amd64 JRE (11.0.13+0-b1751.21-8125866), built on Feb  2 2022 03:00:22 by "builder" with MS VC++ 14.0 (VS2015)

END.
